<?xml version="1.0" encoding="UTF-8"?>
<testng-results ignored="0" total="2" passed="2" failed="0" skipped="0">
  <reporter-output>
  </reporter-output>
  <suite started-at="2023-04-05T13:39:09 IST" name="Suite" finished-at="2023-04-05T13:39:09 IST" duration-ms="102">
    <groups>
    </groups>
    <test started-at="2023-04-05T13:39:09 IST" name="Test" finished-at="2023-04-05T13:39:09 IST" duration-ms="102">
      <class name="testscript.Sample">
        <test-method signature="delete()[pri:0, instance:testscript.Sample@236e3f4e]" started-at="2023-04-05T13:39:09 IST" name="delete" finished-at="2023-04-05T13:39:09 IST" duration-ms="13" status="PASS">
          <reporter-output>
          </reporter-output>
        </test-method> <!-- delete -->
      </class> <!-- testscript.Sample -->
      <class name="testscript.Sample1">
        <test-method signature="recover()[pri:0, instance:testscript.Sample1@4ef37659]" started-at="2023-04-05T13:39:09 IST" name="recover" finished-at="2023-04-05T13:39:09 IST" duration-ms="3" status="PASS">
          <reporter-output>
          </reporter-output>
        </test-method> <!-- recover -->
      </class> <!-- testscript.Sample1 -->
    </test> <!-- Test -->
  </suite> <!-- Suite -->
</testng-results>
